<?xml version="1.0" encoding="UTF-8"?>
<testsuite name="test.lab6.TrieTest" tests="5" skipped="0" failures="0" errors="0" timestamp="2017-11-07T21:26:59" hostname="PC" time="0.015">
  <properties/>
  <testcase name="insert" classname="test.lab6.TrieTest" time="0.0"/>
  <testcase name="getNodeWithEmptyChar" classname="test.lab6.TrieTest" time="0.0"/>
  <testcase name="insertEmprty" classname="test.lab6.TrieTest" time="0.0"/>
  <testcase name="getExistedNode" classname="test.lab6.TrieTest" time="0.0"/>
  <testcase name="getUnexistedNode" classname="test.lab6.TrieTest" time="0.0"/>
  <system-out><![CDATA[]]></system-out>
  <system-err><![CDATA[]]></system-err>
</testsuite>
