<?xml version="1.0" encoding="UTF-8"?>
<testsuite name="test.lab6.MainTest" tests="1" skipped="0" failures="0" errors="0" timestamp="2017-10-29T23:59:08" hostname="PC" time="0.109">
  <properties/>
  <testcase name="main" classname="test.lab6.MainTest" time="0.109"/>
  <system-out><![CDATA[Simple:
cat
cats
dog
hippopotamus
hippopotamuses
rat
rats
sdog
sdogs
Concatenated:
catcatcatcatscatcat
catcats
catratdog
catsdogcats
catsdogscat
dogcatsdog
ratcatdogcats
ratdogcat
ratsdogscatsdog
13482300 nanosec
Memory used: 2113360 B 
Count of concatenated: 9
The longest of concatenated: [catcatcatcatscatcat]
]]></system-out>
  <system-err><![CDATA[]]></system-err>
</testsuite>
