<?xml version="1.0" encoding="UTF-8"?>
<testsuite name="test.lab6.TrieNodeTest" tests="2" skipped="0" failures="0" errors="0" timestamp="2017-11-07T21:26:59" hostname="PC" time="0.0">
  <properties/>
  <testcase name="getNodeWithExistingLetter" classname="test.lab6.TrieNodeTest" time="0.0"/>
  <testcase name="getNodeWithUnexistingLetter" classname="test.lab6.TrieNodeTest" time="0.0"/>
  <system-out><![CDATA[]]></system-out>
  <system-err><![CDATA[]]></system-err>
</testsuite>
